Arguments: 
  /usr/bin/node /usr/bin/yarn add — force node-sass

PATH: 
  /home/bilal/.local/bin:/usr/local/bin:/usr/bin:/bin:/usr/local/sbin:/var/lib/flatpak/exports/bin:/usr/lib/jvm/default/bin:/usr/bin/site_perl:/usr/bin/vendor_perl:/usr/bin/core_perl:/var/lib/snapd/snap/bin

Yarn version: 
  1.22.10

Node version: 
  15.6.0

Platform: 
  linux x64

Trace: 
  TypeError [ERR_UNESCAPED_CHARACTERS]: Request path contains unescaped characters
      at new NodeError (node:internal/errors:329:5)
      at new ClientRequest (node:_http_client:163:13)
      at Object.request (node:https:333:10)
      at Request.module.exports.Request.start (/usr/lib/node_modules/yarn/lib/cli.js:141224:32)
      at Request.module.exports.Request.end (/usr/lib/node_modules/yarn/lib/cli.js:141983:10)
      at end (/usr/lib/node_modules/yarn/lib/cli.js:141037:14)
      at Immediate._onImmediate (/usr/lib/node_modules/yarn/lib/cli.js:141051:7)
      at processImmediate (node:internal/timers:463:21)

npm manifest: 
  {
    "name": "createreactapp",
    "version": "0.1.0",
    "private": true,
    "dependencies": {
      "@testing-library/jest-dom": "^5.11.4",
      "@testing-library/react": "^11.1.0",
      "@testing-library/user-event": "^12.1.10",
      "firebase": "^8.1.1",
      "react": "^17.0.1",
      "react-dom": "^17.0.1",
      "react-redux": "^7.2.2",
      "react-router-dom": "^5.2.0",
      "react-scripts": "4.0.1",
      "redux": "^4.0.5",
      "redux-thunk": "^2.3.0",
      "web-vitals": "^0.2.4",
      "node-sass": "4.14.1"
    },
    "scripts": {
      "start": "react-scripts start",
      "build": "react-scripts build",
      "test": "react-scripts test",
      "eject": "react-scripts eject"
    },
    "eslintConfig": {
      "extends": [
        "react-app",
        "react-app/jest"
      ]
    },
    "browserslist": {
      "production": [
        ">0.2%",
        "not dead",
        "not op_mini all"
      ],
      "development": [
        "last 1 chrome version",
        "last 1 firefox version",
        "last 1 safari version"
      ]
    }
  }

yarn manifest: 
  No manifest

Lockfile: 
  No lockfile
